{
  "RSpec": {
    "coverage": {
      "/vagrant/src/chess_app/config/environment.rb": [
        null,
        1,
        null,
        null,
        1
      ],
      "/vagrant/src/chess_app/config/application.rb": [
        1,
        null,
        1,
        null,
        null,
        null,
        1,
        null,
        1,
        null,
        1,
        null,
        null,
        null,
        null,
        null,
        null,
        null,
        null,
        null,
        null,
        null,
        null,
        null,
        1,
        null,
        null
      ],
      "/vagrant/src/chess_app/config/boot.rb": [
        1,
        null,
        1
      ],
      "/vagrant/src/chess_app/config/environments/test.rb": [
        1,
        null,
        null,
        null,
        null,
        null,
        null,
        1,
        null,
        null,
        null,
        null,
        1,
        null,
        null,
        1,
        1,
        null,
        null,
        1,
        1,
        null,
        null,
        1,
        null,
        null,
        1,
        null,
        null,
        null,
        null,
        1,
        null,
        null,
        1,
        null,
        null,
        1,
        null,
        null,
        null,
        null
      ],
      "/vagrant/src/chess_app/config/initializers/assets.rb": [
        null,
        null,
        null,
        1,
        null,
        null,
        null,
        null,
        null,
        null,
        null
      ],
      "/vagrant/src/chess_app/config/initializers/backtrace_silencers.rb": [
        null,
        null,
        null,
        null,
        null,
        null,
        null
      ],
      "/vagrant/src/chess_app/config/initializers/cookies_serializer.rb": [
        null,
        null,
        1
      ],
      "/vagrant/src/chess_app/config/initializers/devise.rb": [
        null,
        null,
        1,
        null,
        null,
        null,
        null,
        null,
        null,
        null,
        null,
        null,
        null,
        null,
        1,
        null,
        null,
        null,
        null,
        null,
        null,
        null,
        null,
        1,
        null,
        null,
        null,
        null,
        null,
        null,
        null,
        null,
        null,
        null,
        null,
        null,
        null,
        null,
        null,
        null,
        null,
        null,
        null,
        null,
        null,
        1,
        null,
        null,
        null,
        null,
        1,
        null,
        null,
        null,
        null,
        null,
        null,
        null,
        null,
        null,
        null,
        null,
        null,
        null,
        null,
        null,
        null,
        null,
        null,
        null,
        null,
        null,
        null,
        null,
        null,
        null,
        null,
        null,
        null,
        null,
        null,
        1,
        null,
        null,
        null,
        null,
        null,
        null,
        null,
        null,
        null,
        null,
        null,
        null,
        null,
        null,
        null,
        null,
        1,
        null,
        null,
        null,
        null,
        null,
        null,
        null,
        null,
        null,
        null,
        null,
        null,
        null,
        null,
        null,
        null,
        null,
        null,
        null,
        null,
        null,
        null,
        null,
        null,
        1,
        null,
        null,
        null,
        null,
        null,
        null,
        null,
        null,
        null,
        1,
        null,
        null,
        null,
        null,
        null,
        null,
        null,
        null,
        null,
        null,
        1,
        null,
        null,
        null,
        null,
        null,
        null,
        null,
        null,
        null,
        null,
        null,
        null,
        null,
        null,
        null,
        null,
        null,
        null,
        null,
        null,
        null,
        null,
        null,
        null,
        null,
        null,
        null,
        null,
        null,
        null,
        null,
        null,
        null,
        null,
        null,
        null,
        null,
        null,
        null,
        null,
        null,
        null,
        null,
        null,
        null,
        1,
        null,
        null,
        null,
        null,
        null,
        null,
        null,
        null,
        null,
        null,
        null,
        null,
        null,
        null,
        null,
        null,
        null,
        null,
        null,
        null,
        null,
        null,
        null,
        null,
        null,
        null,
        null,
        null,
        null,
        null,
        null,
        null,
        null,
        null,
        null,
        null,
        null,
        null,
        null,
        null,
        null,
        1,
        null,
        null,
        null,
        null,
        null,
        null,
        null,
        null,
        null,
        null,
        null,
        null,
        null,
        null,
        null,
        null,
        null,
        null,
        null,
        null,
        null,
        null,
        null,
        null,
        null,
        null,
        null,
        null,
        null
      ],
      "/vagrant/src/chess_app/config/initializers/filter_parameter_logging.rb": [
        null,
        null,
        null,
        1
      ],
      "/vagrant/src/chess_app/config/initializers/inflections.rb": [
        null,
        null,
        null,
        null,
        null,
        null,
        null,
        null,
        null,
        null,
        null,
        null,
        null,
        null,
        null,
        null
      ],
      "/vagrant/src/chess_app/config/initializers/mime_types.rb": [
        null,
        null,
        null,
        null
      ],
      "/vagrant/src/chess_app/config/initializers/secret_token.rb": [
        null,
        null,
        null,
        null,
        null,
        null,
        null,
        null,
        null,
        null,
        null,
        1
      ],
      "/vagrant/src/chess_app/config/initializers/session_store.rb": [
        null,
        null,
        1
      ],
      "/vagrant/src/chess_app/config/initializers/simple_form.rb": [
        null,
        1,
        null,
        null,
        null,
        null,
        null,
        1,
        null,
        null,
        null,
        null,
        null,
        null,
        null,
        null,
        null,
        null,
        1,
        null,
        null,
        null,
        1,
        null,
        null,
        null,
        null,
        null,
        null,
        null,
        null,
        1,
        null,
        null,
        1,
        null,
        null,
        1,
        null,
        null,
        1,
        null,
        null,
        1,
        1,
        1,
        null,
        null,
        null,
        null,
        null,
        null,
        null,
        null,
        null,
        1,
        null,
        null,
        null,
        null,
        null,
        1,
        null,
        null,
        1,
        null,
        null,
        null,
        null,
        null,
        null,
        null,
        1,
        null,
        null,
        1,
        null,
        null,
        null,
        null,
        null,
        null,
        null,
        null,
        null,
        null,
        null,
        null,
        null,
        null,
        null,
        null,
        null,
        null,
        null,
        null,
        null,
        null,
        null,
        null,
        null,
        null,
        null,
        null,
        null,
        null,
        null,
        null,
        null,
        null,
        null,
        null,
        null,
        null,
        null,
        null,
        null,
        null,
        null,
        null,
        1,
        null,
        null,
        null,
        null,
        null,
        null,
        null,
        null,
        null,
        null,
        null,
        null,
        null,
        null,
        null,
        null,
        null,
        null,
        null,
        null,
        null,
        null,
        null,
        null,
        null,
        null,
        null,
        null,
        null,
        null,
        null,
        null,
        null,
        null,
        null,
        null,
        1,
        null,
        null,
        null,
        null,
        null,
        null,
        null,
        null
      ],
      "/vagrant/src/chess_app/config/initializers/simple_form_bootstrap.rb": [
        null,
        1,
        1,
        1,
        1,
        null,
        1,
        1,
        1,
        1,
        1,
        1,
        1,
        1,
        null,
        1,
        1,
        1,
        null,
        null,
        1,
        1,
        1,
        1,
        1,
        1,
        null,
        1,
        1,
        1,
        null,
        null,
        1,
        1,
        1,
        null,
        1,
        1,
        null,
        null,
        1,
        1,
        null,
        null,
        1,
        1,
        1,
        1,
        1,
        1,
        1,
        null,
        null,
        1,
        1,
        1,
        1,
        1,
        1,
        1,
        1,
        null,
        1,
        1,
        1,
        1,
        null,
        null,
        null,
        1,
        1,
        1,
        1,
        1,
        1,
        null,
        1,
        1,
        1,
        1,
        null,
        null,
        null,
        1,
        1,
        1,
        null,
        1,
        1,
        1,
        null,
        null,
        1,
        1,
        null,
        null,
        null,
        1,
        1,
        1,
        null,
        1,
        null,
        1,
        1,
        1,
        1,
        null,
        null,
        null,
        1,
        1,
        1,
        1,
        1,
        1,
        1,
        1,
        null,
        1,
        1,
        1,
        null,
        null,
        1,
        1,
        1,
        1,
        1,
        1,
        1,
        1,
        null,
        null,
        null,
        null,
        null,
        null,
        1,
        1,
        null,
        null,
        null,
        null,
        null,
        null,
        null,
        null,
        null
      ],
      "/vagrant/src/chess_app/config/initializers/wrap_parameters.rb": [
        null,
        null,
        null,
        null,
        null,
        null,
        1,
        1,
        null,
        null,
        null,
        null,
        null,
        null
      ],
      "/vagrant/src/chess_app/spec/factories/bishops.rb": [
        1,
        1,
        null,
        null
      ],
      "/vagrant/src/chess_app/spec/factories/chess_pieces.rb": [
        1,
        1,
        1,
        1,
        1,
        1,
        null,
        null
      ],
      "/vagrant/src/chess_app/spec/factories/games.rb": [
        1,
        1,
        1,
        1,
        1,
        null,
        null
      ],
      "/vagrant/src/chess_app/spec/factories/kings.rb": [
        1,
        1,
        null,
        null
      ],
      "/vagrant/src/chess_app/spec/factories/knights.rb": [
        1,
        1,
        null,
        null
      ],
      "/vagrant/src/chess_app/spec/factories/pawns.rb": [
        1,
        1,
        null,
        null
      ],
      "/vagrant/src/chess_app/spec/factories/queens.rb": [
        1,
        1,
        null,
        null
      ],
      "/vagrant/src/chess_app/spec/factories/rooks.rb": [
        1,
        1,
        null,
        null
      ],
      "/vagrant/src/chess_app/spec/factories/users.rb": [
        1,
        1,
        39,
        1,
        1,
        39,
        null,
        null
      ],
      "/vagrant/src/chess_app/config/routes.rb": [
        1,
        1,
        1,
        1,
        null
      ],
      "/vagrant/src/chess_app/app/models/user.rb": [
        1,
        null,
        null,
        1,
        null,
        1,
        null,
        1,
        2,
        null,
        null,
        null,
        null,
        null
      ],
      "/vagrant/src/chess_app/app/helpers/application_helper.rb": [
        1,
        null
      ],
      "/vagrant/src/chess_app/spec/support/factory_girl.rb": [
        1,
        1,
        null
      ],
      "/vagrant/src/chess_app/spec/support/feature_helpers.rb": [
        null,
        1,
        1,
        2,
        2,
        2,
        2,
        null,
        null
      ],
      "/vagrant/src/chess_app/spec/support/shoulda.rb": [
        1,
        1,
        1,
        1,
        null,
        null
      ],
      "/vagrant/src/chess_app/app/controllers/games_controller.rb": [
        1,
        1,
        null,
        null,
        1,
        null,
        null,
        1,
        null,
        null,
        1,
        null,
        null
      ],
      "/vagrant/src/chess_app/app/controllers/application_controller.rb": [
        1,
        null,
        null,
        1,
        null,
        1,
        null,
        1,
        null,
        1,
        10,
        null,
        null
      ],
      "/vagrant/src/chess_app/spec/controllers/static_pages_controller_spec.rb": [
        1,
        null,
        1,
        1,
        1,
        1,
        1,
        1,
        null,
        null,
        null
      ],
      "/vagrant/src/chess_app/app/controllers/static_pages_controller.rb": [
        1,
        1,
        8,
        null,
        null
      ],
      "/vagrant/src/chess_app/spec/features/user_sign_in_outs_spec.rb": [
        1,
        null,
        1,
        1,
        1,
        1,
        null,
        1,
        null,
        1,
        null,
        null,
        1,
        1,
        1,
        null,
        1,
        1,
        null,
        null
      ],
      "/vagrant/src/chess_app/spec/features/user_sign_ups_spec.rb": [
        1,
        null,
        1,
        1,
        1,
        1,
        1,
        1,
        1,
        1,
        1,
        null,
        1,
        1,
        null,
        null,
        1,
        1,
        1,
        1,
        1,
        1,
        1,
        null,
        1,
        1,
        null,
        null
      ],
      "/vagrant/src/chess_app/spec/features/user_visits_homepage_spec.rb": [
        1,
        null,
        1,
        1,
        1,
        1,
        null,
        null,
        1,
        1,
        1,
        1,
        null,
        null
      ],
      "/vagrant/src/chess_app/spec/models/bishop_spec.rb": [
        1,
        null,
        1,
        1,
        1,
        null,
        null
      ],
      "/vagrant/src/chess_app/app/models/bishop.rb": [
        1,
        null
      ],
      "/vagrant/src/chess_app/app/models/chess_piece.rb": [
        null,
        1,
        1,
        1,
        null,
        1,
        null,
        null,
        null,
        null,
        1,
        null,
        1,
        7,
        5,
        3,
        1,
        null,
        null,
        1,
        3,
        null,
        3,
        2,
        1,
        null,
        2,
        null,
        null,
        1,
        null,
        1,
        2,
        2,
        2,
        null,
        2,
        2,
        null,
        null,
        1,
        null,
        null,
        1,
        2,
        2,
        null,
        2,
        3,
        null,
        null,
        1,
        null,
        null,
        1,
        2,
        2,
        null,
        2,
        2,
        null,
        null,
        1,
        null,
        null,
        1,
        7,
        null,
        null,
        1,
        3,
        null,
        null,
        1,
        5,
        null,
        null,
        1,
        7,
        7,
        null,
        7,
        null,
        null
      ],
      "/vagrant/src/chess_app/spec/models/chess_piece_spec.rb": [
        1,
        null,
        1,
        null,
        null,
        null,
        null,
        null,
        1,
        8,
        null,
        null,
        2,
        null,
        2,
        null,
        2,
        null,
        1,
        8,
        8,
        null,
        1,
        1,
        2,
        null,
        null,
        null,
        1,
        1,
        1,
        null,
        1,
        null,
        null,
        1,
        1,
        null,
        null,
        null,
        1,
        1,
        1,
        null,
        1,
        null,
        null,
        1,
        1,
        null,
        null,
        null,
        1,
        1,
        1,
        null,
        1,
        null,
        null,
        1,
        1,
        null,
        null,
        null,
        null,
        1,
        4,
        null,
        1,
        1,
        null,
        1,
        1,
        null,
        null,
        1,
        1,
        null,
        2,
        1,
        1,
        null,
        null,
        1,
        1,
        null,
        1,
        null,
        1,
        1,
        1,
        null,
        null,
        null
      ],
      "/vagrant/src/chess_app/spec/models/game_spec.rb": [
        1,
        null,
        1,
        2,
        2,
        null,
        2,
        2,
        null,
        2,
        null,
        2,
        null,
        1,
        1,
        1,
        null,
        1,
        1,
        null,
        null,
        1,
        1,
        null,
        1,
        1,
        null,
        null,
        1,
        1,
        null,
        1,
        1,
        1,
        1,
        null,
        null,
        1,
        1,
        null,
        1,
        1,
        1,
        1,
        null,
        null,
        1,
        1,
        1,
        8,
        8,
        null,
        null,
        null,
        null
      ],
      "/vagrant/src/chess_app/app/models/game.rb": [
        null,
        1,
        1,
        1,
        1,
        null,
        1,
        null,
        1,
        null,
        1,
        18,
        18,
        18,
        18,
        18,
        null,
        null,
        1,
        null,
        18,
        18,
        18,
        18,
        null,
        null,
        1,
        null,
        18,
        18,
        null,
        null,
        18,
        18,
        null,
        null,
        1,
        null,
        18,
        18,
        18,
        18,
        null,
        null,
        1,
        null,
        18,
        18,
        18,
        18,
        null,
        null,
        1,
        null,
        18,
        144,
        144,
        null,
        null,
        null
      ],
      "/vagrant/src/chess_app/spec/models/king_spec.rb": [
        1,
        null,
        1,
        1,
        1,
        null,
        null
      ],
      "/vagrant/src/chess_app/app/models/king.rb": [
        1,
        null
      ],
      "/vagrant/src/chess_app/spec/models/knight_spec.rb": [
        1,
        null,
        1,
        1,
        1,
        null,
        null
      ],
      "/vagrant/src/chess_app/app/models/knight.rb": [
        1,
        null
      ],
      "/vagrant/src/chess_app/spec/models/pawn_spec.rb": [
        1,
        null,
        1,
        1,
        1,
        null,
        null
      ],
      "/vagrant/src/chess_app/app/models/pawn.rb": [
        1,
        null
      ],
      "/vagrant/src/chess_app/spec/models/queen_spec.rb": [
        1,
        null,
        1,
        1,
        1,
        null,
        null
      ],
      "/vagrant/src/chess_app/app/models/queen.rb": [
        1,
        null
      ],
      "/vagrant/src/chess_app/spec/models/rook_spec.rb": [
        1,
        null,
        1,
        1,
        1,
        null,
        null
      ],
      "/vagrant/src/chess_app/app/models/rook.rb": [
        1,
        null
      ],
      "/vagrant/src/chess_app/spec/models/user_spec.rb": [
        1,
        null,
        1,
        2,
        null,
        1,
        1,
        1,
        null,
        1,
        null,
        null,
        1,
        1,
        null,
        1,
        null,
        null,
        null
      ]
    },
    "timestamp": 1448044650
  }
}
